<?xml version="1.0" encoding="UTF-8"?>
<!-- Generated by org.testng.reporters.JUnitXMLReporter -->
<testsuite ignored="0" hostname="DESKTOP-AUUJL9B" failures="0" tests="3" name="Default test" time="0.657" errors="0" timestamp="30 Oct 2021 16:27:06 GMT">
  <testcase classname="com.tests.ExcelImplement" name="validateData" time="0.006"/>
  <testcase classname="com.tests.ExcelImplement" name="validateData" time="0.001"/>
  <testcase classname="com.tests.ExcelImplement" name="validateData" time="0.001"/>
</testsuite> <!-- Default test -->
