<?xml version="1.0" encoding="UTF-8"?>
<testng-results ignored="0" total="3" passed="3" failed="0" skipped="0">
  <reporter-output>
  </reporter-output>
  <suite started-at="2021-10-30T16:27:05Z" name="Default suite" finished-at="2021-10-30T16:27:06Z" duration-ms="657">
    <groups>
    </groups>
    <test started-at="2021-10-30T16:27:05Z" name="Default test" finished-at="2021-10-30T16:27:06Z" duration-ms="657">
      <class name="com.tests.ExcelImplement">
        <test-method signature="validateData(java.lang.String, java.lang.String, java.lang.String)[pri:0, instance:com.tests.ExcelImplement@12a94400]" started-at="2021-10-30T16:27:06Z" name="validateData" data-provider="getData" finished-at="2021-10-30T16:27:06Z" duration-ms="6" status="PASS">
          <params>
            <param index="0">
              <value>
                <![CDATA[Gaurav]]>
              </value>
            </param>
            <param index="1">
              <value>
                <![CDATA[Roorkee]]>
              </value>
            </param>
            <param index="2">
              <value>
                <![CDATA[India]]>
              </value>
            </param>
          </params>
          <reporter-output>
          </reporter-output>
        </test-method> <!-- validateData -->
        <test-method signature="validateData(java.lang.String, java.lang.String, java.lang.String)[pri:0, instance:com.tests.ExcelImplement@12a94400]" started-at="2021-10-30T16:27:06Z" name="validateData" data-provider="getData" finished-at="2021-10-30T16:27:06Z" duration-ms="1" status="PASS">
          <params>
            <param index="0">
              <value>
                <![CDATA[Sumit]]>
              </value>
            </param>
            <param index="1">
              <value>
                <![CDATA[Meerut]]>
              </value>
            </param>
            <param index="2">
              <value>
                <![CDATA[Singapore]]>
              </value>
            </param>
          </params>
          <reporter-output>
          </reporter-output>
        </test-method> <!-- validateData -->
        <test-method signature="validateData(java.lang.String, java.lang.String, java.lang.String)[pri:0, instance:com.tests.ExcelImplement@12a94400]" started-at="2021-10-30T16:27:06Z" name="validateData" data-provider="getData" finished-at="2021-10-30T16:27:06Z" duration-ms="1" status="PASS">
          <params>
            <param index="0">
              <value>
                <![CDATA[Chetan]]>
              </value>
            </param>
            <param index="1">
              <value>
                <![CDATA[Nagpur]]>
              </value>
            </param>
            <param index="2">
              <value>
                <![CDATA[Malaysia]]>
              </value>
            </param>
          </params>
          <reporter-output>
          </reporter-output>
        </test-method> <!-- validateData -->
      </class> <!-- com.tests.ExcelImplement -->
    </test> <!-- Default test -->
  </suite> <!-- Default suite -->
</testng-results>
